{
  "stats": {
    "suites": 6,
    "tests": 5,
    "passes": 5,
    "pending": 0,
    "failures": 0,
    "start": "2026-05-30T12:49:59.291Z",
    "end": "2026-05-30T12:49:59.347Z",
    "duration": 56,
    "testsRegistered": 5,
    "passPercent": 100,
    "pendingPercent": 0,
    "other": 0,
    "hasOther": false,
    "skipped": 0,
    "hasSkipped": false
  },
  "results": [
    {
      "uuid": "b2b1249b-d595-49e3-88be-a69f3a7a6007",
      "title": "",
      "fullFile": "",
      "file": "",
      "beforeHooks": [],
      "afterHooks": [],
      "tests": [],
      "suites": [
        {
          "uuid": "490065e9-19c9-4626-8bad-a80fe7ff8fbc",
          "title": "Login",
          "fullFile": "C:\\Users\\Camila Leite\\Desktop\\Backup\\Projetos\\banco-api-testes\\test\\login.test.js",
          "file": "\\test\\login.test.js",
          "beforeHooks": [],
          "afterHooks": [],
          "tests": [],
          "suites": [
            {
              "uuid": "3db2cdb8-bd65-4198-8ece-62e740fdece9",
              "title": "POST / login",
              "fullFile": "C:\\Users\\Camila Leite\\Desktop\\Backup\\Projetos\\banco-api-testes\\test\\login.test.js",
              "file": "\\test\\login.test.js",
              "beforeHooks": [],
              "afterHooks": [],
              "tests": [
                {
                  "title": "Deve retornar 200 com token em string quando usar credenciais válidas",
                  "fullTitle": "Login POST / login Deve retornar 200 com token em string quando usar credenciais válidas",
                  "timedOut": false,
                  "duration": 21,
                  "state": "passed",
                  "speed": "fast",
                  "pass": true,
                  "fail": false,
                  "pending": false,
                  "context": null,
                  "code": "const bodyLogin = { ...postLogin }\n\n           \nconst resposta = await request(process.env.BASE_URL)\n    .post('/login')\n    .set('Content-Type', 'application/json')\n    .send(bodyLogin)\n    \nexpect(resposta.body.token).to.be.a('string');\nexpect(resposta.status).to.equal(200);",
                  "err": {},
                  "uuid": "057dacdb-65ec-482c-9620-e01e9cad86b1",
                  "parentUUID": "3db2cdb8-bd65-4198-8ece-62e740fdece9",
                  "isHook": false,
                  "skipped": false
                }
              ],
              "suites": [],
              "passes": [
                "057dacdb-65ec-482c-9620-e01e9cad86b1"
              ],
              "failures": [],
              "pending": [],
              "skipped": [],
              "duration": 21,
              "root": false,
              "rootEmpty": false,
              "_timeout": 200000
            }
          ],
          "passes": [],
          "failures": [],
          "pending": [],
          "skipped": [],
          "duration": 0,
          "root": false,
          "rootEmpty": false,
          "_timeout": 200000
        },
        {
          "uuid": "45526253-e502-40d1-866a-3458ccc58f80",
          "title": "Transferencias",
          "fullFile": "C:\\Users\\Camila Leite\\Desktop\\Backup\\Projetos\\banco-api-testes\\test\\transferencia.test.js",
          "file": "\\test\\transferencia.test.js",
          "beforeHooks": [
            {
              "title": "\"before each\" hook in \"Transferencias\"",
              "fullTitle": "Transferencias \"before each\" hook in \"Transferencias\"",
              "timedOut": false,
              "duration": 3,
              "state": null,
              "speed": null,
              "pass": false,
              "fail": false,
              "pending": false,
              "context": null,
              "code": "token = await obterToken('julio.lima', '123456');",
              "err": {},
              "uuid": "2c9a8291-6aef-44ae-988d-41b472f9d511",
              "parentUUID": "45526253-e502-40d1-866a-3458ccc58f80",
              "isHook": true,
              "skipped": false
            }
          ],
          "afterHooks": [],
          "tests": [],
          "suites": [
            {
              "uuid": "010a390d-af29-40eb-90da-713eae6d4ba7",
              "title": "POST /transferencias",
              "fullFile": "C:\\Users\\Camila Leite\\Desktop\\Backup\\Projetos\\banco-api-testes\\test\\transferencia.test.js",
              "file": "\\test\\transferencia.test.js",
              "beforeHooks": [],
              "afterHooks": [],
              "tests": [
                {
                  "title": "Deve retornar sucesso com 201 quando o valor da transferencia for igual ou maior que 10",
                  "fullTitle": "Transferencias POST /transferencias Deve retornar sucesso com 201 quando o valor da transferencia for igual ou maior que 10",
                  "timedOut": false,
                  "duration": 9,
                  "state": "passed",
                  "speed": "fast",
                  "pass": true,
                  "fail": false,
                  "pending": false,
                  "context": null,
                  "code": "const bodyTransferencias = { ...postTransferencias };\nconst resposta = await request(process.env.BASE_URL)\n  .post('/transferencias')\n  .set('Content-Type', 'application/json')\n  .set('Authorization', `Bearer ${token}`)\n  .send(bodyTransferencias);\nexpect(resposta.status).to.equal(201);",
                  "err": {},
                  "uuid": "641285bb-93cf-4ff0-9424-79239273b9e1",
                  "parentUUID": "010a390d-af29-40eb-90da-713eae6d4ba7",
                  "isHook": false,
                  "skipped": false
                },
                {
                  "title": "Deve retornar falha com 422 quando o valor da transferencia for abaixo de 10",
                  "fullTitle": "Transferencias POST /transferencias Deve retornar falha com 422 quando o valor da transferencia for abaixo de 10",
                  "timedOut": false,
                  "duration": 2,
                  "state": "passed",
                  "speed": "fast",
                  "pass": true,
                  "fail": false,
                  "pending": false,
                  "context": null,
                  "code": "const bodyTransferencias = { ...postTransferencias };\nbodyTransferencias.valor = 7;\nconst resposta = await request(process.env.BASE_URL)\n  .post('/transferencias')\n  .set('Content-Type', 'application/json')\n  .set('Authorization', `Bearer ${token}`)\n  .send(bodyTransferencias);\nexpect(resposta.status).to.equal(422);",
                  "err": {},
                  "uuid": "98477140-b0a3-4e13-baf8-f9e58bb2d7f6",
                  "parentUUID": "010a390d-af29-40eb-90da-713eae6d4ba7",
                  "isHook": false,
                  "skipped": false
                }
              ],
              "suites": [],
              "passes": [
                "641285bb-93cf-4ff0-9424-79239273b9e1",
                "98477140-b0a3-4e13-baf8-f9e58bb2d7f6"
              ],
              "failures": [],
              "pending": [],
              "skipped": [],
              "duration": 11,
              "root": false,
              "rootEmpty": false,
              "_timeout": 200000
            },
            {
              "uuid": "f1bb590e-2386-4ca2-9aad-adefdd8497c7",
              "title": "GET /transferencias/:id",
              "fullFile": "C:\\Users\\Camila Leite\\Desktop\\Backup\\Projetos\\banco-api-testes\\test\\transferencia.test.js",
              "file": "\\test\\transferencia.test.js",
              "beforeHooks": [],
              "afterHooks": [],
              "tests": [
                {
                  "title": "Deve retornar sucesso com 200 quando o id for válido",
                  "fullTitle": "Transferencias GET /transferencias/:id Deve retornar sucesso com 200 quando o id for válido",
                  "timedOut": false,
                  "duration": 2,
                  "state": "passed",
                  "speed": "fast",
                  "pass": true,
                  "fail": false,
                  "pending": false,
                  "context": null,
                  "code": "const resposta = await request(process.env.BASE_URL)\n  .get('/transferencias/35')\n  .set('Authorization', `Bearer ${token}`);\nexpect(resposta.status).to.equal(200);\nexpect(resposta.text).to.equal('');",
                  "err": {},
                  "uuid": "68d34459-3756-4714-b438-27437120cb87",
                  "parentUUID": "f1bb590e-2386-4ca2-9aad-adefdd8497c7",
                  "isHook": false,
                  "skipped": false
                }
              ],
              "suites": [],
              "passes": [
                "68d34459-3756-4714-b438-27437120cb87"
              ],
              "failures": [],
              "pending": [],
              "skipped": [],
              "duration": 2,
              "root": false,
              "rootEmpty": false,
              "_timeout": 200000
            },
            {
              "uuid": "24915d37-208a-424f-a635-b3187b671889",
              "title": "GET /transferencias",
              "fullFile": "C:\\Users\\Camila Leite\\Desktop\\Backup\\Projetos\\banco-api-testes\\test\\transferencia.test.js",
              "file": "\\test\\transferencia.test.js",
              "beforeHooks": [],
              "afterHooks": [],
              "tests": [
                {
                  "title": "Deve retornar no máximo 10 elementos na paginação quando informar limite de 10 registros",
                  "fullTitle": "Transferencias GET /transferencias Deve retornar no máximo 10 elementos na paginação quando informar limite de 10 registros",
                  "timedOut": false,
                  "duration": 3,
                  "state": "passed",
                  "speed": "fast",
                  "pass": true,
                  "fail": false,
                  "pending": false,
                  "context": null,
                  "code": "const resposta = await request(process.env.BASE_URL)\n  .get('/transferencias?page=1&limit=10')\n  .set('Authorization', `Bearer ${token}`);\nexpect(resposta.status).to.equal(200);\nexpect(resposta.body.limit).to.equal(10);\nexpect(resposta.body.transferencias.length).to.be.at.most(10);",
                  "err": {},
                  "uuid": "ae920cf3-4c77-424c-9783-9e00d8053d23",
                  "parentUUID": "24915d37-208a-424f-a635-b3187b671889",
                  "isHook": false,
                  "skipped": false
                }
              ],
              "suites": [],
              "passes": [
                "ae920cf3-4c77-424c-9783-9e00d8053d23"
              ],
              "failures": [],
              "pending": [],
              "skipped": [],
              "duration": 3,
              "root": false,
              "rootEmpty": false,
              "_timeout": 200000
            }
          ],
          "passes": [],
          "failures": [],
          "pending": [],
          "skipped": [],
          "duration": 0,
          "root": false,
          "rootEmpty": false,
          "_timeout": 200000
        }
      ],
      "passes": [],
      "failures": [],
      "pending": [],
      "skipped": [],
      "duration": 0,
      "root": true,
      "rootEmpty": true,
      "_timeout": 200000
    }
  ],
  "meta": {
    "mocha": {
      "version": "11.7.5"
    },
    "mochawesome": {
      "options": {
        "quiet": false,
        "reportFilename": "mochawesome",
        "saveHtml": true,
        "saveJson": true,
        "consoleReporter": "spec",
        "useInlineDiffs": false,
        "code": true
      },
      "version": "7.1.4"
    },
    "marge": {
      "options": null,
      "version": "6.3.2"
    }
  }
}